<?xml version="1.0" encoding="UTF-8"?>
<!-- Generated by org.testng.reporters.JUnitReportReporter -->
<testsuite hostname="DESKTOP-M9ULESR" failures="0" tests="2" name="pac1.Lab8B_TestNG" time="24.279" errors="0" timestamp="2025-08-26T18:45:09 IST" skipped="0">
  <testcase classname="pac1.Lab8B_TestNG" name="f" time="11.151"/>
  <system-out/>
  <testcase classname="pac1.Lab8B_TestNG" name="f" time="13.128"/>
  <system-out/>
</testsuite> <!-- pac1.Lab8B_TestNG -->
