<?xml version="1.0" encoding="UTF-8"?>
<!-- Generated by org.testng.reporters.JUnitReportReporter -->
<testsuite hostname="DESKTOP-M9ULESR" failures="0" tests="3" name="pac1.TC0010_groups" time="0.025" errors="0" timestamp="2025-08-26T18:22:14 IST" skipped="1">
  <testcase classname="pac1.TC0010_groups" name="test2" time="0.023"/>
  <system-out/>
  <testcase classname="pac1.TC0010_groups" name="test3" time="0.002"/>
  <system-out/>
  <testcase classname="pac1.TC0010_groups" name="test1">
    <skipped/>
  </testcase> <!-- test1 -->
  <system-out/>
</testsuite> <!-- pac1.TC0010_groups -->
