<?xml version="1.0" encoding="UTF-8"?>
<!-- Generated by org.testng.reporters.JUnitReportReporter -->
<testsuite hostname="DESKTOP-M9ULESR" failures="0" tests="2" name="pac1.Lab3_TestNG" time="28.115" errors="0" timestamp="2025-08-26T18:19:23 IST" skipped="0">
  <testcase classname="pac1.Lab3_TestNG" name="f" time="19.587"/>
  <system-out/>
  <testcase classname="pac1.Lab3_TestNG" name="f" time="8.528"/>
  <system-out/>
</testsuite> <!-- pac1.Lab3_TestNG -->
