<?xml version="1.0" encoding="UTF-8"?>
<!-- Generated by org.testng.reporters.JUnitReportReporter -->
<testsuite hostname="DESKTOP-M9ULESR" failures="0" tests="4" name="pac1.Lab9_TestNG" time="36.489" errors="0" timestamp="2025-08-26T18:17:31 IST" skipped="0">
  <testcase classname="pac1.Lab9_TestNG" name="f" time="10.715"/>
  <system-out/>
  <testcase classname="pac1.Lab9_TestNG" name="f" time="9.597"/>
  <system-out/>
  <testcase classname="pac1.Lab9_TestNG" name="f" time="8.263"/>
  <system-out/>
  <testcase classname="pac1.Lab9_TestNG" name="f" time="7.914"/>
  <system-out/>
</testsuite> <!-- pac1.Lab9_TestNG -->
