<?xml version="1.0" encoding="UTF-8"?>
<!-- Generated by org.testng.reporters.JUnitReportReporter -->
<testsuite hostname="DESKTOP-M9ULESR" failures="0" tests="4" name="pac1.TC009_TestNG" time="96.072" errors="0" timestamp="2025-08-26T18:32:04 IST" skipped="0">
  <testcase classname="pac1.TC009_TestNG" name="f" time="28.500"/>
  <system-out/>
  <testcase classname="pac1.TC009_TestNG" name="f" time="25.261"/>
  <system-out/>
  <testcase classname="pac1.TC009_TestNG" name="f" time="22.713"/>
  <system-out/>
  <testcase classname="pac1.TC009_TestNG" name="f" time="19.598"/>
  <system-out/>
</testsuite> <!-- pac1.TC009_TestNG -->
