<?xml version="1.0" encoding="UTF-8"?>
<!-- Generated by org.testng.reporters.JUnitReportReporter -->
<testsuite hostname="DESKTOP-M9ULESR" failures="0" tests="6" name="pac1.TC009_TestNG2" time="67.740" errors="0" timestamp="2025-08-26T18:28:26 IST" skipped="0">
  <testcase classname="pac1.TC009_TestNG2" name="f" time="12.298"/>
  <system-out/>
  <testcase classname="pac1.TC009_TestNG2" name="f" time="10.840"/>
  <system-out/>
  <testcase classname="pac1.TC009_TestNG2" name="f" time="10.871"/>
  <system-out/>
  <testcase classname="pac1.TC009_TestNG2" name="f" time="11.402"/>
  <system-out/>
  <testcase classname="pac1.TC009_TestNG2" name="f" time="11.156"/>
  <system-out/>
  <testcase classname="pac1.TC009_TestNG2" name="f" time="11.173"/>
  <system-out/>
</testsuite> <!-- pac1.TC009_TestNG2 -->
