<?xml version="1.0" encoding="UTF-8"?>
<!-- Generated by org.testng.reporters.JUnitReportReporter -->
<testsuite hostname="DESKTOP-M9ULESR" failures="0" tests="2" name="pac1.Lab4_TestNG" time="21.284" errors="0" timestamp="2025-08-26T18:19:23 IST" skipped="0">
  <testcase classname="pac1.Lab4_TestNG" name="f" time="10.048"/>
  <system-out/>
  <testcase classname="pac1.Lab4_TestNG" name="f" time="11.236"/>
  <system-out/>
</testsuite> <!-- pac1.Lab4_TestNG -->
